============================= test session starts ==============================
platform darwin -- Python 3.12.12, pytest-8.3.5, pluggy-1.6.0 -- /Users/theankit/Documents/AK/DharmaShield_ENV/.venv312/bin/python3.12
cachedir: .pytest_cache
rootdir: /Users/theankit/Documents/AK/DharmaShield_ENV
configfile: pyproject.toml
plugins: anyio-4.13.0
collecting ... collected 36 items

tests/test_edge_cases.py::test_invalid_rule_key_does_not_crash PASSED    [  2%]
tests/test_edge_cases.py::test_max_steps_terminates_cleanly PASSED       [  5%]
tests/test_edge_cases.py::test_step_endpoint_accepts_raw_and_alias_payloads PASSED [  8%]
tests/test_grader.py::test_clamp_bounds PASSED                           [ 11%]
tests/test_grader.py::test_grader_returns_clamped_reward PASSED          [ 13%]
tests/test_grader.py::test_reason_quality_prefers_policy_aligned_reasoning PASSED [ 16%]
tests/test_grader.py::test_calibration_penalizes_overconfident_wrong_decision PASSED [ 19%]
tests/test_grader.py::test_default_weights_sum_equal_one PASSED          [ 22%]
tests/test_grader.py::test_all_task_weight_sums_equal_one PASSED         [ 25%]
tests/test_grader.py::test_calibration_delta_is_bounded PASSED           [ 27%]
tests/test_grader.py::test_cib_sequence_bonus_applied_once PASSED        [ 30%]
tests/test_openenv_schema.py::test_openenv_yaml_has_required_fields PASSED [ 33%]
tests/test_reset.py::test_reset_produces_fresh_state PASSED              [ 36%]
tests/test_step.py::test_step_returns_expected_shape PASSED              [ 38%]
tests/test_stress.py::test_repeated_reset_no_state_bleed PASSED          [ 41%]
tests/test_stress.py::test_reward_always_bounded PASSED                  [ 44%]
tests/test_stress.py::test_always_remove_antiexploit PASSED              [ 47%]
tests/test_stress.py::test_minimal_action_never_crashes PASSED           [ 50%]
tests/test_stress.py::test_hard_task_genuinely_harder PASSED             [ 52%]
tests/test_stress.py::test_child_safety_task_is_time_constrained PASSED  [ 55%]
tests/test_task4.py::test_task4_registered_and_manifest_ready PASSED     [ 58%]
tests/test_task4.py::test_task4_rule_mapping_explicit PASSED             [ 61%]
tests/test_task4.py::test_task4_env_flow_completes_without_crash PASSED  [ 63%]
tests/test_v4_endpoints.py::test_root_endpoint_returns_200 PASSED        [ 66%]
tests/test_v4_endpoints.py::test_episodes_endpoint_returns_200 PASSED    [ 69%]
tests/test_v4_endpoints.py::test_health_returns_correct_version PASSED   [ 72%]
tests/test_v4_grader.py::test_all_task_weight_sums_equal_one_v4 PASSED   [ 75%]
tests/test_v4_grader.py::test_default_weights_sum_equal_one_v4 PASSED    [ 77%]
tests/test_v4_grader.py::test_calibration_delta_always_bounded_v4 PASSED [ 80%]
tests/test_v4_grader.py::test_reason_quality_empty_returns_zero_v4 PASSED [ 83%]
tests/test_v4_grader.py::test_reason_quality_policy_keyword_boosts_score_v4 PASSED [ 86%]
tests/test_v4_grader.py::test_reason_quality_always_clamped_v4 PASSED    [ 88%]
tests/test_v4_grader.py::test_cib_sequence_bonus_at_task_level_only_v4 PASSED [ 91%]
tests/test_validators.py::test_safe_harbour_noop_for_empty_rule PASSED   [ 94%]
tests/test_validators.py::test_safe_harbour_transitions_to_at_risk PASSED [ 97%]
tests/test_validators.py::test_safe_harbour_transitions_to_lost PASSED   [100%]

=============================== warnings summary ===============================
.venv312/lib/python3.12/site-packages/starlette/formparsers.py:12
  /Users/theankit/Documents/AK/DharmaShield_ENV/.venv312/lib/python3.12/site-packages/starlette/formparsers.py:12: PendingDeprecationWarning: Please use `import python_multipart` instead.
    import multipart

dharma_shield/ui.py:117
  /Users/theankit/Documents/AK/DharmaShield_ENV/dharma_shield/ui.py:117: UserWarning: The parameters have been moved from the Blocks constructor to the launch() method in Gradio 6.0: css. Please pass these parameters to launch() instead.
    with gr.Blocks(css=CSS, title="DharmaShield - Trust and Safety Ops") as demo:

-- Docs: https://docs.pytest.org/en/stable/how-to/capture-warnings.html
======================== 36 passed, 2 warnings in 1.07s ========================
